C51 COMPILER V9.56.0.0   TOUSCHREEN                                                        10/17/2017 19:34:23 PAGE 1   


C51 COMPILER V9.56.0.0, COMPILATION OF MODULE TOUSCHREEN
OBJECT MODULE PLACED IN .\Objects\touschreen.obj
COMPILER INVOKED BY: C:\Keil_v5\C51\BIN\C51.EXE touschreen.c LARGE OPTIMIZE(8,SPEED) BROWSE DEBUG OBJECTEXTEND PRINT(.\L
                    -istings\touschreen.lst) OBJECT(.\Objects\touschreen.obj)

line level    source

   1          #include <stdio.h>
   2          #include "touchscreen.h"
   3          
   4          
   5          
   6          bit tsRxEmpty;
   7          bit tsTxEmpty;
   8          bit tsLastCharGone;     
   9          
  10          const char code * Font[] = { "m10B",    ///< Font size 0 
  11                                       "m12B",    ///< Font size 1 
  12                                       "m14B",    ///< Font size 2 
  13                                       "m16B",    ///< Font size 3 
  14                                       "m20B",    ///< Font size 4 
  15                                       "m24B",    ///< Font size 5 
  16                                       "m32B",    ///< Font size 6 
  17                                       "m48B",    ///< Font size 7 
  18                                       "m64B"};   ///< Font size 8
  19          
  20                                       //---------------------------------------------------------------------------
             -----------------------------
  21          // Function Name: sendCommand
  22          // Return Value: None 
  23          // Parmeters: s (a string to send)
  24          // Function Description: This function sends a command from the touch screen
  25          //-------------------------------------------------------------------------------------------------------
  26          void sendCommand(const char * s)
  27          {       
  28   1              char SFRPAGE_SAVE = SFRPAGE;
  29   1              
  30   1              while(*s != '\0')                                                                                                                       // Search for end of touch screen command in buffer
  31   1          {
  32   2              if(tsTxEmpty == 1 || (tsTxOut != tsTxIn))                                                               // Tx is empty or two indexes are not equal
*** ERROR C202 IN LINE 32 OF touschreen.c: 'tsTxOut': undefined identifier
  33   2                      {
  34   3                              tsTxBuffer[tsTxIn++] = *s;
*** ERROR C202 IN LINE 34 OF touschreen.c: 'tsTxIn': undefined identifier
  35   3                              if(tsTxIn >= TX_BUFFER_SIZE)                                                                            // Check for limit
*** ERROR C202 IN LINE 35 OF touschreen.c: 'tsTxIn': undefined identifier
  36   3                              {
  37   4                                      tsTxIn = 0;                                                                                                             // Reset if limit reached
*** ERROR C202 IN LINE 37 OF touschreen.c: 'tsTxIn': undefined identifier
  38   4                              }
  39   3      
  40   3                              if(tsTxEmpty == 1)                                                                                                      // If buffer is empty
  41   3                              {
  42   4                                      tsTxEmpty = 0;                                                                                                  // Now buffer has at leat 1 character, set flag
  43   4                              }
  44   3                      }
  45   2              
  46   2                      s++;                                                                                                                                    // Point to next char to send out
  47   2          }
  48   1                                                                                                                                                                      
  49   1              if(tsLastCharGone == 1)                                                                                                         // All characters in buffer has sent out
C51 COMPILER V9.56.0.0   TOUSCHREEN                                                        10/17/2017 19:34:23 PAGE 2   

  50   1              {
  51   2                      tsLastCharGone = 0;                                                                                                             // Reset flag to indicate no char left in buffer
  52   2                      SFRPAGE = UART0_PAGE;                                                                                                                                                   
  53   2                      TI0 = 1;                                                                        // Set this flage to call ISR to send 
             -out one character
  54   2              }                                                                                                                                                       
  55   1                                                                                                                                                                      
  56   1              SFRPAGE = SFRPAGE_SAVE;                                                                 // Restore SFRPAGE
  57   1      }
  58          
  59          void display_text(const char * fg, const char * bg, const unsigned char size, const char * message, const 
             -char * x, const char * y)
  60          {
  61   1          char str[256] = { 0 };
  62   1          
  63   1          //delay(5);
  64   1          
  65   1          sprintf(str, "S %s %s\r", fg, bg);
  66   1          sendCommand(str);
  67   1          sprintf(str, "f %s\r", Font[size]);
  68   1          sendCommand(str);
  69   1          sprintf(str, "t %s %s %s\r", message, x, y);
  70   1          sendCommand(str);
  71   1      }

C51 COMPILATION COMPLETE.  0 WARNING(S),  4 ERROR(S)
